\BOOKMARK [0][-]{section*.1}{List of Figures}{}% 1
\BOOKMARK [0][-]{section*.2}{List of Tables}{}% 2
\BOOKMARK [-1][-]{part.1}{Introduction}{}% 3
\BOOKMARK [0][-]{chapter.1}{Introduction to Cyber Insurance}{part.1}% 4
\BOOKMARK [1][-]{section.1.1}{General insurance}{chapter.1}% 5
\BOOKMARK [1][-]{section.1.2}{Cyber-insurance}{chapter.1}% 6
\BOOKMARK [2][-]{subsection.1.2.1}{Obstacles in cyber-insurance}{section.1.2}% 7
\BOOKMARK [1][-]{section.1.3}{Insurable topology}{chapter.1}% 8
\BOOKMARK [1][-]{section.1.4}{A small summary}{chapter.1}% 9
\BOOKMARK [0][-]{chapter.2}{The cyber-insurance market}{part.1}% 10
\BOOKMARK [1][-]{section.2.1}{Current market state}{chapter.2}% 11
\BOOKMARK [2][-]{subsection.2.1.1}{The UK and US market}{section.2.1}% 12
\BOOKMARK [2][-]{subsection.2.1.2}{The Norwegian market}{section.2.1}% 13
\BOOKMARK [1][-]{section.2.2}{Future market}{chapter.2}% 14
\BOOKMARK [-1][-]{part.2}{Prestudy}{}% 15
\BOOKMARK [0][-]{chapter.3}{Graph Theory}{part.2}% 16
\BOOKMARK [1][-]{section.3.1}{Random Graphs}{chapter.3}% 17
\BOOKMARK [1][-]{section.3.2}{Real world graph structures}{chapter.3}% 18
\BOOKMARK [1][-]{section.3.3}{Evolutionary dynamics on graphs}{chapter.3}% 19
\BOOKMARK [1][-]{section.3.4}{Notater og slikt}{chapter.3}% 20
\BOOKMARK [1][-]{section.3.5}{NOTES... random.. don't read}{chapter.3}% 21
\BOOKMARK [0][-]{chapter.4}{Network formation: stability and efficiency}{part.2}% 22
\BOOKMARK [1][-]{section.4.1}{Survey of models of network formation: stability and efficiency}{chapter.4}% 23
\BOOKMARK [2][-]{subsection.4.1.1}{Defining Network Games}{section.4.1}% 24
\BOOKMARK [0][-]{chapter.5}{Network Games}{part.2}% 25
\BOOKMARK [0][-]{chapter.6}{Relatedwork}{part.2}% 26
\BOOKMARK [1][-]{section.6.1}{Towards Insurable Network Architectures}{chapter.6}% 27
\BOOKMARK [1][-]{section.6.2}{Cyber insurance as an Incentive for Internet Security}{chapter.6}% 28
\BOOKMARK [2][-]{subsection.6.2.1}{Classical model for insurance}{section.6.2}% 29
\BOOKMARK [2][-]{subsection.6.2.2}{Interdependent security and insurance}{section.6.2}% 30
\BOOKMARK [1][-]{section.6.3}{Modeling cyber-insurance: towards a unifying Framework}{chapter.6}% 31
\BOOKMARK [2][-]{subsection.6.3.1}{Network Environment: Connected nodes}{section.6.3}% 32
\BOOKMARK [2][-]{subsection.6.3.2}{Demand side agents}{section.6.3}% 33
\BOOKMARK [2][-]{subsection.6.3.3}{Supply side, insurers}{section.6.3}% 34
\BOOKMARK [2][-]{subsection.6.3.4}{Information structure}{section.6.3}% 35
\BOOKMARK [2][-]{subsection.6.3.5}{Organizational Enviroment\(stakeholders\)}{section.6.3}% 36
\BOOKMARK [2][-]{subsection.6.3.6}{Using this framework for a literature survey}{section.6.3}% 37
\BOOKMARK [1][-]{section.6.4}{A novel cyber-insurance Model}{chapter.6}% 38
\BOOKMARK [1][-]{section.6.5}{A solution to the information Asymmetry Problem}{chapter.6}% 39
\BOOKMARK [1][-]{section.6.6}{Cyber-insurance for cyber-security, A topological Take on Modulating Insurance Premiums}{chapter.6}% 40
\BOOKMARK [1][-]{section.6.7}{Differentiating Cyber-insurance Contracts, a topological Perspective}{chapter.6}% 41
\BOOKMARK [1][-]{section.6.8}{This was previously placed in current market }{chapter.6}% 42
\BOOKMARK [1][-]{section.6.9}{Contract structure}{chapter.6}% 43
\BOOKMARK [1][-]{section.6.10}{Economics}{chapter.6}% 44
\BOOKMARK [1][-]{section.6.11}{Epidemics}{chapter.6}% 45
\BOOKMARK [2][-]{subsection.6.11.1}{modeling contagion}{section.6.11}% 46
\BOOKMARK [1][-]{section.6.12}{Incentives and Information Security}{chapter.6}% 47
\BOOKMARK [1][-]{section.6.13}{Related work 2}{chapter.6}% 48
\BOOKMARK [1][-]{section.6.14}{new section}{chapter.6}% 49
\BOOKMARK [0][-]{chapter.7}{Methodology}{part.2}% 50
\BOOKMARK [1][-]{section.7.1}{Game Theory}{chapter.7}% 51
\BOOKMARK [2][-]{subsection.7.1.1}{Nash Equlibrium}{section.7.1}% 52
\BOOKMARK [2][-]{subsection.7.1.2}{Price of Anarchy}{section.7.1}% 53
\BOOKMARK [2][-]{subsection.7.1.3}{Social Optimal}{section.7.1}% 54
\BOOKMARK [2][-]{subsection.7.1.4}{Steckleberg game}{section.7.1}% 55
\BOOKMARK [1][-]{section.7.2}{Netlogo}{chapter.7}% 56
\BOOKMARK [-1][-]{part.3}{Own Contribution}{}% 57
\BOOKMARK [0][-]{chapter.8}{Modeling Cyber-Insurance }{part.3}% 58
\BOOKMARK [1][-]{section.8.1}{Model 1 - Initial Model }{chapter.8}% 59
\BOOKMARK [1][-]{section.8.2}{Model 2 - Including Parameters}{chapter.8}% 60
\BOOKMARK [2][-]{subsection.8.2.1}{Characteristics of the model}{section.8.2}% 61
\BOOKMARK [2][-]{subsection.8.2.2}{Two nodes scenario}{section.8.2}% 62
\BOOKMARK [1][-]{section.8.3}{Solving the prisonersdilemma}{chapter.8}% 63
\BOOKMARK [2][-]{subsection.8.3.1}{Multiple nodes}{section.8.3}% 64
\BOOKMARK [2][-]{subsection.8.3.2}{Result and findings}{section.8.3}% 65
\BOOKMARK [1][-]{section.8.4}{Forcing non-insured nodes to buy insurance\(FIX!!!!!!!!\)}{chapter.8}% 66
\BOOKMARK [2][-]{subsection.8.4.1}{Violating the conditions}{section.8.4}% 67
\BOOKMARK [1][-]{section.8.5}{Model 3 - Including maximum node degree and bonus}{chapter.8}% 68
\BOOKMARK [2][-]{subsection.8.5.1}{Analyzis}{section.8.5}% 69
\BOOKMARK [2][-]{subsection.8.5.2}{Result and findings}{section.8.5}% 70
\BOOKMARK [1][-]{section.8.6}{Model 4 - Including bulk insurance discount}{chapter.8}% 71
\BOOKMARK [2][-]{subsection.8.6.1}{Analyzis}{section.8.6}% 72
\BOOKMARK [2][-]{subsection.8.6.2}{Result and findings}{section.8.6}% 73
\BOOKMARK [2][-]{subsection.8.6.3}{Game with incomplete information}{section.8.6}% 74
\BOOKMARK [2][-]{subsection.8.6.4}{Calculating the different equlibriums}{section.8.6}% 75
\BOOKMARK [0][-]{chapter.9}{Further work on the model}{part.3}% 76
\BOOKMARK [1][-]{section.9.1}{The connection game}{chapter.9}% 77
\BOOKMARK [2][-]{subsection.9.1.1}{Homogenous symmetric connection game}{section.9.1}% 78
\BOOKMARK [2][-]{subsection.9.1.2}{Simulation}{section.9.1}% 79
\BOOKMARK [0][-]{chapter.10}{Model from Bohme}{part.3}% 80
\BOOKMARK [1][-]{section.10.1}{DETTE ET ANNET STED KANSKJE? BLIR LITT RART \305 HOPPE INN I DET HER}{chapter.10}% 81
\BOOKMARK [1][-]{section.10.2}{Game including max node degree}{chapter.10}% 82
\BOOKMARK [2][-]{subsection.10.2.1}{Game random connection}{section.10.2}% 83
\BOOKMARK [2][-]{subsection.10.2.2}{Game connecting to insured first}{section.10.2}% 84
\BOOKMARK [-1][-]{part.4}{Summary}{}% 85
\BOOKMARK [0][-]{chapter.11}{Future work}{part.4}% 86
\BOOKMARK [1][-]{section.11.1}{Risk}{chapter.11}% 87
\BOOKMARK [0][-]{chapter.12}{Conclusion}{part.4}% 88
\BOOKMARK [0][-]{section*.124}{References}{part.4}% 89
